20:18:05 [background-preinit] INFO    --- o.h.v.i.u.Version - HV000001: Hibernate Validator 6.2.2.Final
20:18:05 [restartedMain] INFO    --- c.j.j.Java16GiraTrankimphuApplication - Starting Java16GiraTrankimphuApplication using Java 17.0.2 on TKP-PC with PID 5444 (E:\workspace\java16-gira-trankimphu\target\classes started by TKP in E:\workspace\java16-gira-trankimphu)
20:18:05 [restartedMain] INFO    --- c.j.j.Java16GiraTrankimphuApplication - No active profile set, falling back to 1 default profile: "default"
20:18:05 [restartedMain] INFO    --- o.s.b.d.e.DevToolsPropertyDefaultsPostProcessor - Devtools property defaults active! Set 'spring.devtools.add-properties' to 'false' to disable
20:18:05 [restartedMain] INFO    --- o.s.b.d.e.DevToolsPropertyDefaultsPostProcessor - For additional web related logging consider setting the 'logging.level.web' property to 'DEBUG'
20:18:07 [restartedMain] INFO    --- o.s.d.r.c.RepositoryConfigurationDelegate - Bootstrapping Spring Data JPA repositories in DEFAULT mode.
20:18:08 [restartedMain] INFO    --- o.s.d.r.c.RepositoryConfigurationDelegate - Finished Spring Data repository scanning in 115 ms. Found 3 JPA repository interfaces.
20:18:09 [restartedMain] INFO    --- o.s.b.w.e.t.TomcatWebServer - Tomcat initialized with port(s): 8080 (http)
20:18:09 [restartedMain] INFO    --- o.a.c.h.Http11NioProtocol - Initializing ProtocolHandler ["http-nio-8080"]
20:18:09 [restartedMain] INFO    --- o.a.c.c.StandardService - Starting service [Tomcat]
20:18:09 [restartedMain] INFO    --- o.a.c.c.StandardEngine - Starting Servlet engine: [Apache Tomcat/9.0.58]
20:18:09 [restartedMain] INFO    --- o.a.c.c.C.[.[.[/] - Initializing Spring embedded WebApplicationContext
20:18:09 [restartedMain] INFO    --- o.s.b.w.s.c.ServletWebServerApplicationContext - Root WebApplicationContext: initialization completed in 3532 ms
20:18:09 [restartedMain] INFO    --- o.f.c.i.l.VersionPrinter - Flyway Community Edition 7.7.3 by Redgate
20:18:09 [restartedMain] INFO    --- c.z.h.HikariDataSource - HikariPool-1 - Starting...
20:18:09 [restartedMain] INFO    --- c.z.h.HikariDataSource - HikariPool-1 - Start completed.
20:18:09 [restartedMain] INFO    --- o.f.c.i.d.b.DatabaseType - Database: jdbc:postgresql://localhost:5432/postgres (PostgreSQL 14.2)
20:18:10 [restartedMain] WARN    --- o.f.c.i.d.b.Database - Flyway upgrade recommended: org.flywaydb.core.internal.database.postgresql.PostgreSQLDatabaseType@331aaa1f 14.2 is newer than this version of Flyway and support has not been tested. The latest supported version of org.flywaydb.core.internal.database.postgresql.PostgreSQLDatabaseType@331aaa1f is 13.
20:18:10 [restartedMain] INFO    --- o.f.c.i.c.DbValidate - Successfully validated 2 migrations (execution time 00:00.063s)
20:18:10 [restartedMain] INFO    --- o.f.c.i.c.DbMigrate - Current version of schema "public": 2
20:18:10 [restartedMain] INFO    --- o.f.c.i.c.DbMigrate - Schema "public" is up to date. No migration necessary.
20:18:10 [restartedMain] INFO    --- o.h.j.i.u.LogHelper - HHH000204: Processing PersistenceUnitInfo [name: default]
20:18:10 [restartedMain] INFO    --- o.h.Version - HHH000412: Hibernate ORM core version 5.4.33
20:18:10 [restartedMain] INFO    --- o.h.a.c.Version - HCANN000001: Hibernate Commons Annotations {5.1.2.Final}
20:18:10 [restartedMain] INFO    --- o.h.d.Dialect - HHH000400: Using dialect: org.hibernate.dialect.PostgreSQL10Dialect
20:18:12 [restartedMain] INFO    --- o.h.e.t.j.p.i.JtaPlatformInitiator - HHH000490: Using JtaPlatform implementation: [org.hibernate.engine.transaction.jta.platform.internal.NoJtaPlatform]
20:18:12 [restartedMain] INFO    --- o.s.o.j.LocalContainerEntityManagerFactoryBean - Initialized JPA EntityManagerFactory for persistence unit 'default'
20:18:12 [restartedMain] WARN    --- o.s.b.a.o.j.JpaBaseConfiguration$JpaWebConfiguration - spring.jpa.open-in-view is enabled by default. Therefore, database queries may be performed during view rendering. Explicitly configure spring.jpa.open-in-view to disable this warning
20:18:14 [restartedMain] INFO    --- o.s.b.a.e.w.EndpointLinksResolver - Exposing 1 endpoint(s) beneath base path '/actuator'
20:18:14 [restartedMain] INFO    --- s.d.s.w.PropertySourcedRequestMappingHandlerMapping - Mapped URL path [/v2/api-docs] onto method [springfox.documentation.swagger2.web.Swagger2Controller#getDocumentation(String, HttpServletRequest)]
20:18:14 [restartedMain] INFO    --- o.s.s.w.DefaultSecurityFilterChain - Will not secure Ant [pattern='/api/v1/**']
20:18:14 [restartedMain] INFO    --- o.s.b.d.a.OptionalLiveReloadServer - LiveReload server is running on port 35729
20:18:15 [restartedMain] INFO    --- o.a.c.h.Http11NioProtocol - Starting ProtocolHandler ["http-nio-8080"]
20:18:15 [restartedMain] INFO    --- o.s.b.w.e.t.TomcatWebServer - Tomcat started on port(s): 8080 (http) with context path ''
20:18:15 [restartedMain] INFO    --- s.d.s.w.p.DocumentationPluginsBootstrapper - Context refreshed
20:18:15 [restartedMain] INFO    --- s.d.s.w.p.DocumentationPluginsBootstrapper - Found 1 custom documentation plugin(s)
20:18:15 [RMI TCP Connection(1)-127.0.0.1] INFO    --- o.a.c.c.C.[.[.[/] - Initializing Spring DispatcherServlet 'dispatcherServlet'
20:18:15 [RMI TCP Connection(1)-127.0.0.1] INFO    --- o.s.w.s.DispatcherServlet - Initializing Servlet 'dispatcherServlet'
20:18:15 [RMI TCP Connection(1)-127.0.0.1] INFO    --- o.s.w.s.DispatcherServlet - Completed initialization in 5 ms
20:18:15 [restartedMain] INFO    --- s.d.s.w.s.ApiListingReferenceScanner - Scanning for api listing references
20:18:16 [restartedMain] INFO    --- c.j.j.Java16GiraTrankimphuApplication - Started Java16GiraTrankimphuApplication in 11.289 seconds (JVM running for 12.866)
20:33:59 [Thread-4] INFO    --- o.s.o.j.LocalContainerEntityManagerFactoryBean - Closing JPA EntityManagerFactory for persistence unit 'default'
20:33:59 [Thread-4] INFO    --- c.z.h.HikariDataSource - HikariPool-1 - Shutdown initiated...
20:33:59 [Thread-4] INFO    --- c.z.h.HikariDataSource - HikariPool-1 - Shutdown completed.
20:33:59 [restartedMain] INFO    --- c.j.j.Java16GiraTrankimphuApplication - Starting Java16GiraTrankimphuApplication using Java 17.0.2 on TKP-PC with PID 5444 (E:\workspace\java16-gira-trankimphu\target\classes started by TKP in E:\workspace\java16-gira-trankimphu)
20:33:59 [restartedMain] INFO    --- c.j.j.Java16GiraTrankimphuApplication - No active profile set, falling back to 1 default profile: "default"
20:34:00 [restartedMain] INFO    --- o.s.d.r.c.RepositoryConfigurationDelegate - Bootstrapping Spring Data JPA repositories in DEFAULT mode.
20:34:00 [restartedMain] INFO    --- o.s.d.r.c.RepositoryConfigurationDelegate - Finished Spring Data repository scanning in 52 ms. Found 3 JPA repository interfaces.
20:34:01 [restartedMain] INFO    --- o.s.b.w.e.t.TomcatWebServer - Tomcat initialized with port(s): 8080 (http)
20:34:01 [restartedMain] INFO    --- o.a.c.h.Http11NioProtocol - Initializing ProtocolHandler ["http-nio-8080"]
20:34:01 [restartedMain] INFO    --- o.a.c.c.StandardService - Starting service [Tomcat]
20:34:01 [restartedMain] INFO    --- o.a.c.c.StandardEngine - Starting Servlet engine: [Apache Tomcat/9.0.58]
20:34:01 [restartedMain] INFO    --- o.a.c.c.C.[.[.[/] - Initializing Spring embedded WebApplicationContext
20:34:01 [restartedMain] INFO    --- o.s.b.w.s.c.ServletWebServerApplicationContext - Root WebApplicationContext: initialization completed in 1425 ms
20:34:01 [restartedMain] INFO    --- o.f.c.i.l.VersionPrinter - Flyway Community Edition 7.7.3 by Redgate
20:34:01 [restartedMain] INFO    --- c.z.h.HikariDataSource - HikariPool-2 - Starting...
20:34:01 [restartedMain] INFO    --- c.z.h.HikariDataSource - HikariPool-2 - Start completed.
20:34:01 [restartedMain] INFO    --- o.f.c.i.d.b.DatabaseType - Database: jdbc:postgresql://localhost:5432/postgres (PostgreSQL 14.2)
20:34:01 [restartedMain] WARN    --- o.f.c.i.d.b.Database - Flyway upgrade recommended: org.flywaydb.core.internal.database.postgresql.PostgreSQLDatabaseType@331aaa1f 14.2 is newer than this version of Flyway and support has not been tested. The latest supported version of org.flywaydb.core.internal.database.postgresql.PostgreSQLDatabaseType@331aaa1f is 13.
20:34:01 [restartedMain] INFO    --- o.f.c.i.c.DbValidate - Successfully validated 2 migrations (execution time 00:00.022s)
20:34:01 [restartedMain] INFO    --- o.f.c.i.c.DbMigrate - Current version of schema "public": 2
20:34:01 [restartedMain] INFO    --- o.f.c.i.c.DbMigrate - Schema "public" is up to date. No migration necessary.
20:34:01 [restartedMain] INFO    --- o.h.j.i.u.LogHelper - HHH000204: Processing PersistenceUnitInfo [name: default]
20:34:01 [restartedMain] INFO    --- o.h.d.Dialect - HHH000400: Using dialect: org.hibernate.dialect.PostgreSQL10Dialect
20:34:02 [restartedMain] INFO    --- o.h.e.t.j.p.i.JtaPlatformInitiator - HHH000490: Using JtaPlatform implementation: [org.hibernate.engine.transaction.jta.platform.internal.NoJtaPlatform]
20:34:02 [restartedMain] INFO    --- o.s.o.j.LocalContainerEntityManagerFactoryBean - Initialized JPA EntityManagerFactory for persistence unit 'default'
20:34:02 [restartedMain] WARN    --- o.s.b.a.o.j.JpaBaseConfiguration$JpaWebConfiguration - spring.jpa.open-in-view is enabled by default. Therefore, database queries may be performed during view rendering. Explicitly configure spring.jpa.open-in-view to disable this warning
