2022-03-15 21:22:20 INFO  [background-preinit] o.h.v.i.u.Version: HV000001: Hibernate Validator 6.2.2.Final
2022-03-15 21:22:20 INFO  [restartedMain] o.s.b.StartupInfoLogger: Starting Java16GiraTrankimphuApplication using Java 16.0.2 on TKP-PC with PID 6544 (E:\workspace\java16-gira-trankimphu\target\classes started by TKP in E:\workspace\java16-gira-trankimphu)
2022-03-15 21:22:20 DEBUG [restartedMain] o.s.b.StartupInfoLogger: Running with Spring Boot v2.5.10, Spring v5.3.16
2022-03-15 21:22:20 INFO  [restartedMain] o.s.b.SpringApplication: No active profile set, falling back to 1 default profile: "default"
2022-03-15 21:22:20 DEBUG [restartedMain] o.s.b.SpringApplication: Loading source class cybersoft.javabackend.java16giratrankimphu.Java16GiraTrankimphuApplication
2022-03-15 21:22:20 DEBUG [restartedMain] o.s.b.l.DeferredLog: Matching URLs for reloading : [file:/E:/workspace/java16-gira-trankimphu/target/classes/]
2022-03-15 21:22:20 DEBUG [restartedMain] o.s.b.l.DeferredLog: Included patterns for restart : []
2022-03-15 21:22:20 DEBUG [restartedMain] o.s.b.l.DeferredLog: Excluded patterns for restart : [/spring-boot-starter-[\w-]+/, /spring-boot/(bin|build|out)/, /spring-boot-starter/(bin|build|out)/, /spring-boot-devtools/(bin|build|out)/, /spring-boot-actuator/(bin|build|out)/, /spring-boot-autoconfigure/(bin|build|out)/]
2022-03-15 21:22:20 INFO  [restartedMain] o.s.b.l.DeferredLog: Devtools property defaults active! Set 'spring.devtools.add-properties' to 'false' to disable
2022-03-15 21:22:20 INFO  [restartedMain] o.s.b.l.DeferredLog: For additional web related logging consider setting the 'logging.level.web' property to 'DEBUG'
2022-03-15 21:22:20 DEBUG [restartedMain] o.s.c.s.AbstractApplicationContext: Refreshing org.springframework.boot.web.servlet.context.AnnotationConfigServletWebServerApplicationContext@13a92318
2022-03-15 21:22:23 INFO  [restartedMain] o.s.d.r.c.RepositoryConfigurationDelegate: Bootstrapping Spring Data JPA repositories in DEFAULT mode.
2022-03-15 21:22:23 DEBUG [restartedMain] o.s.b.a.AutoConfigurationPackages$BasePackages: @EnableAutoConfiguration was declared on a class in the package 'cybersoft.javabackend.java16giratrankimphu'. Automatic @Repository and @Entity scanning is enabled.
2022-03-15 21:22:23 INFO  [restartedMain] o.s.d.r.c.RepositoryConfigurationDelegate: Finished Spring Data repository scanning in 313 ms. Found 2 JPA repository interfaces.
2022-03-15 21:22:24 DEBUG [restartedMain] o.s.b.w.s.s.DocumentRoot: Code archive: C:\Users\TKP\.m2\repository\org\springframework\boot\spring-boot\2.5.10\spring-boot-2.5.10.jar
2022-03-15 21:22:24 DEBUG [restartedMain] o.s.b.w.s.s.DocumentRoot: Code archive: C:\Users\TKP\.m2\repository\org\springframework\boot\spring-boot\2.5.10\spring-boot-2.5.10.jar
2022-03-15 21:22:24 DEBUG [restartedMain] o.s.b.w.s.s.DocumentRoot: None of the document roots [src/main/webapp, public, static] point to a directory and will be ignored.
2022-03-15 21:22:25 INFO  [restartedMain] o.s.b.w.e.t.TomcatWebServer: Tomcat initialized with port(s): 8080 (http)
2022-03-15 21:22:25 INFO  [restartedMain] o.a.j.l.DirectJDKLog: Initializing ProtocolHandler ["http-nio-8080"]
2022-03-15 21:22:25 INFO  [restartedMain] o.a.j.l.DirectJDKLog: Starting service [Tomcat]
2022-03-15 21:22:25 INFO  [restartedMain] o.a.j.l.DirectJDKLog: Starting Servlet engine: [Apache Tomcat/9.0.58]
2022-03-15 21:22:25 INFO  [restartedMain] o.a.j.l.DirectJDKLog: Initializing Spring embedded WebApplicationContext
2022-03-15 21:22:25 DEBUG [restartedMain] o.s.b.w.s.c.ServletWebServerApplicationContext: Published root WebApplicationContext as ServletContext attribute with name [org.springframework.web.context.WebApplicationContext.ROOT]
2022-03-15 21:22:25 INFO  [restartedMain] o.s.b.w.s.c.ServletWebServerApplicationContext: Root WebApplicationContext: initialization completed in 4667 ms
2022-03-15 21:22:25 DEBUG [restartedMain] o.s.b.w.s.ServletContextInitializerBeans: Mapping filters: filterRegistrationBean urls=[/*] order=-2147483647, characterEncodingFilter urls=[/*] order=-2147483648, formContentFilter urls=[/*] order=-9900, requestContextFilter urls=[/*] order=-105
2022-03-15 21:22:25 DEBUG [restartedMain] o.s.b.w.s.ServletContextInitializerBeans: Mapping servlets: dispatcherServlet urls=[/]
2022-03-15 21:22:25 DEBUG [restartedMain] o.s.w.f.GenericFilterBean: Filter 'webMvcMetricsFilter' configured for use
2022-03-15 21:22:25 DEBUG [restartedMain] o.s.w.f.GenericFilterBean: Filter 'requestContextFilter' configured for use
2022-03-15 21:22:25 DEBUG [restartedMain] o.s.w.f.GenericFilterBean: Filter 'characterEncodingFilter' configured for use
2022-03-15 21:22:25 DEBUG [restartedMain] o.s.w.f.GenericFilterBean: Filter 'formContentFilter' configured for use
2022-03-15 21:22:26 INFO  [restartedMain] o.f.c.i.l.s.Slf4jLog: Flyway Community Edition 7.7.3 by Redgate
2022-03-15 21:22:26 INFO  [restartedMain] c.z.h.HikariDataSource: HikariPool-1 - Starting...
2022-03-15 21:22:26 INFO  [restartedMain] c.z.h.HikariDataSource: HikariPool-1 - Start completed.
2022-03-15 21:22:26 INFO  [restartedMain] o.f.c.i.l.s.Slf4jLog: Database: jdbc:postgresql://localhost:5432/postgres (PostgreSQL 14.2)
2022-03-15 21:22:26 WARN  [restartedMain] o.f.c.i.l.s.Slf4jLog: Flyway upgrade recommended: org.flywaydb.core.internal.database.postgresql.PostgreSQLDatabaseType@b356732 14.2 is newer than this version of Flyway and support has not been tested. The latest supported version of org.flywaydb.core.internal.database.postgresql.PostgreSQLDatabaseType@b356732 is 13.
2022-03-15 21:22:26 INFO  [restartedMain] o.f.c.i.l.s.Slf4jLog: Successfully validated 1 migration (execution time 00:00.074s)
2022-03-15 21:22:26 INFO  [restartedMain] o.f.c.i.l.s.Slf4jLog: Current version of schema "public": 1
2022-03-15 21:22:26 INFO  [restartedMain] o.f.c.i.l.s.Slf4jLog: Schema "public" is up to date. No migration necessary.
2022-03-15 21:22:26 INFO  [restartedMain] o.h.j.i.u.LogHelper: HHH000204: Processing PersistenceUnitInfo [name: default]
2022-03-15 21:22:26 INFO  [restartedMain] o.h.Version: HHH000412: Hibernate ORM core version 5.4.33
2022-03-15 21:22:27 INFO  [restartedMain] o.h.a.c.r.j.JavaReflectionManager: HCANN000001: Hibernate Commons Annotations {5.1.2.Final}
2022-03-15 21:22:27 INFO  [restartedMain] o.h.d.Dialect: HHH000400: Using dialect: org.hibernate.dialect.PostgreSQL10Dialect
